<html>
<body>
<pre>
<h1>Vision Build Log</h1>
<h2>Tool Versions:</h2>
IDE-Version: μVision V5.25.3.0
Copyright (C) 2018 ARM Ltd and ARM Germany GmbH. All rights reserved.
License Information: a a, aa, LIC=UJ4EI-TVXNN-ULXCF-6468Q-9IMFL-475CG
 
Tool Versions:
Toolchain:       PK251 Prof. Developers Kit  Version: 5.60.0.0
Toolchain Path:  D:\Keil_v5\C251\BIN
C Compiler:      C251.exe V5.60.0.0
Assembler:       A251.exe V4.69.13.0
Linker/Locator:  L251.exe V4.66.93.0
Library Manager: LIB251.exe V4.30.1.0
Hex Converter:   OH251.exe V1.47.0.0
CPU DLL:         S251.DLL V3.129.0.0
Dialog DLL:      DCORE51.DLL V2.81.6.0
Target DLL:      MON251.DLL V2.51.0.0
Dialog DLL:      TCORE51.DLL V2.66.4.0
 
<h2>Project:</h2>
E:\第十七届电磁组(东江白夜)\stc16\stc16\STC16F-master\Seekfree_STC16F40K128_Opensource_Library\Project\MDK\SEEKFREE.uvproj
Project File Date:  08/28/2022

<h2>Output:</h2>
Build target 'STC16F40K'
compiling board.c...
compiling common.c...
compiling SEEKFREE_PRINTF.c...
compiling zf_adc.c...
compiling zf_delay.c...
compiling zf_exti.c...
compiling zf_gpio.c...
compiling zf_iic.c...
compiling zf_nvic.c...
compiling zf_pwm.c...
compiling zf_spi.c...
compiling zf_tim.c...
compiling zf_uart.c...
compiling zf_fifo.c...
compiling SEEKFREE_18TFT.c...
compiling SEEKFREE_ABSOLUTE_ENCODER.c...
compiling SEEKFREE_FONT.c...
compiling SEEKFREE_ICM20602.c...
compiling SEEKFREE_IIC.c...
compiling SEEKFREE_IPS114_SPI.c...
compiling SEEKFREE_MPU6050.c...
compiling SEEKFREE_OLED.c...
compiling SEEKFREE_TSL1401.c...
compiling SEEKFREE_VIRSCO.c...
compiling SEEKFREE_WIRELESS.c...
compiling SEEKFREE_AT24C02.c...
compiling SEEKFREE_BLUETOOTH_CH9141.c...
compiling SEEKFREE_WIRELESS_CH573.c...
compiling isr.c...
compiling main.c...
compiling Read_ADC.c...
compiling All_init.c...
compiling Seror.c...
Seror.c(354): warning C183: dead assignment eliminated
Seror.c(358): warning C183: dead assignment eliminated
Seror.c(358): warning C183: dead assignment eliminated
Seror.c(358): warning C183: dead assignment eliminated
Seror.c(358): warning C183: dead assignment eliminated
Seror.c(358): warning C183: dead assignment eliminated
Seror.c(358): warning C183: dead assignment eliminated
Seror.c(406): warning C184: value of 'PF' possibly undefined
Seror.c(464): warning C184: value of 'PF' possibly undefined
Seror.c(454): warning C184: value of 'DF' possibly undefined
Seror.c(465): warning C184: value of 'PF' possibly undefined
Seror.c(467): warning C184: value of 'DF' possibly undefined
Seror.c(468): warning C184: value of 'DF' possibly undefined
Seror.c(471): warning C184: value of 'DF' possibly undefined
Seror.c(472): warning C184: value of 'PF' possibly undefined
Seror.c(473): warning C184: value of 'PF' possibly undefined
Seror.c(552): warning C183: dead assignment eliminated
Seror.c(556): warning C183: dead assignment eliminated
Seror.c(556): warning C183: dead assignment eliminated
Seror.c(556): warning C183: dead assignment eliminated
Seror.c(556): warning C183: dead assignment eliminated
Seror.c(556): warning C183: dead assignment eliminated
Seror.c(556): warning C183: dead assignment eliminated
Seror.c(604): warning C184: value of 'PF' possibly undefined
Seror.c(662): warning C184: value of 'PF' possibly undefined
Seror.c(652): warning C184: value of 'DF' possibly undefined
Seror.c(663): warning C184: value of 'PF' possibly undefined
Seror.c(665): warning C184: value of 'DF' possibly undefined
Seror.c(666): warning C184: value of 'DF' possibly undefined
Seror.c(669): warning C184: value of 'DF' possibly undefined
Seror.c(670): warning C184: value of 'PF' possibly undefined
Seror.c(671): warning C184: value of 'PF' possibly undefined
compiling Motor.c...
Motor.c(268): error C16: unprintable character 0xC2 skipped
Motor.c(268): error C16: unprintable character 0xA0 skipped
Motor.c(268): error C16: unprintable character 0xC2 skipped
Motor.c(268): error C16: unprintable character 0xA0 skipped
Motor.c(268): error C16: unprintable character 0xC2 skipped
Motor.c(268): error C16: unprintable character 0xA0 skipped
Motor.c(268): error C16: unprintable character 0xC2 skipped
Motor.c(268): error C16: unprintable character 0xA0 skipped
Motor.c(268): error C16: unprintable character 0xC2 skipped
Motor.c(268): error C16: unprintable character 0xA0 skipped
Motor.c(268): error C16: unprintable character 0xC2 skipped
Motor.c(268): error C16: unprintable character 0xA0 skipped
Motor.c(268): error C16: unprintable character 0xC2 skipped
Motor.c(268): error C16: unprintable character 0xA0 skipped
Motor.c(268): error C16: unprintable character 0xC2 skipped
Motor.c(268): error C16: unprintable character 0xA0 skipped
Motor.c(268): error C25: syntax error near 'if'
Motor.c(268): error C25: syntax error near '>='
Motor.c(269): error C16: unprintable character 0xC2 skipped
Motor.c(269): error C16: unprintable character 0xA0 skipped
Motor.c(269): error C16: unprintable character 0xC2 skipped
Motor.c(269): error C16: unprintable character 0xA0 skipped
Motor.c(269): error C16: unprintable character 0xC2 skipped
Motor.c(269): error C16: unprintable character 0xA0 skipped
Motor.c(269): error C16: unprintable character 0xC2 skipped
Motor.c(269): error C16: unprintable character 0xA0 skipped
Motor.c(269): error C16: unprintable character 0xC2 skipped
Motor.c(269): error C16: unprintable character 0xA0 skipped
Motor.c(269): error C16: unprintable character 0xC2 skipped
Motor.c(269): error C16: unprintable character 0xA0 skipped
Motor.c(269): error C16: unprintable character 0xC2 skipped
Motor.c(269): error C16: unprintable character 0xA0 skipped
Motor.c(269): error C16: unprintable character 0xC2 skipped
Motor.c(269): error C16: unprintable character 0xA0 skipped
Motor.c(270): error C16: unprintable character 0xC2 skipped
Motor.c(270): error C16: unprintable character 0xA0 skipped
Motor.c(270): error C16: unprintable character 0xC2 skipped
Motor.c(270): error C16: unprintable character 0xA0 skipped
Motor.c(270): error C16: unprintable character 0xC2 skipped
Motor.c(270): error C16: unprintable character 0xA0 skipped
Motor.c(270): error C16: unprintable character 0xC2 skipped
Motor.c(270): error C16: unprintable character 0xA0 skipped
Motor.c(270): error C16: unprintable character 0xC2 skipped
Motor.c(270): error C16: unprintable character 0xA0 skipped
Motor.c(270): error C16: unprintable character 0xC2 skipped
Motor.c(270): error C16: unprintable character 0xA0 skipped
Motor.c(270): error C16: unprintable character 0xC2 skipped
Motor.c(270): error C16: unprintable character 0xA0 skipped
Motor.c(270): error C16: unprintable character 0xC2 skipped
Motor.c(270): error C16: unprintable character 0xA0 skipped
Motor.c(270): error C16: unprintable character 0xC2 skipped
Motor.c(270): error C16: unprintable character 0xA0 skipped
Motor.c(270): error C16: unprintable character 0xC2 skipped
Motor.c(270): error C16: unprintable character 0xA0 skipped
Motor.c(270): error C25: syntax error near '.'
Motor.c(270): error C67: 'L_except': undefined identifier
Motor.c(270): error C67: 'PWM_decrease': undefined identifier
Motor.c(270): error C67: 'turn': undefined identifier
Motor.c(270): error C67: 'PI': undefined identifier
Motor.c(271): error C16: unprintable character 0xC2 skipped
Motor.c(271): error C16: unprintable character 0xA0 skipped
Motor.c(271): error C16: unprintable character 0xC2 skipped
Motor.c(271): error C16: unprintable character 0xA0 skipped
Motor.c(271): error C16: unprintable character 0xC2 skipped
Motor.c(271): error C16: unprintable character 0xA0 skipped
Motor.c(271): error C16: unprintable character 0xC2 skipped
Motor.c(271): error C16: unprintable character 0xA0 skipped
Motor.c(271): error C16: unprintable character 0xC2 skipped
Motor.c(271): error C16: unprintable character 0xA0 skipped
Motor.c(271): error C16: unprintable character 0xC2 skipped
Motor.c(271): error C16: unprintable character 0xA0 skipped
Motor.c(271): error C16: unprintable character 0xC2 skipped
Motor.c(271): error C16: unprintable character 0xA0 skipped
Motor.c(271): error C16: unprintable character 0xC2 skipped
Motor.c(271): error C16: unprintable character 0xA0 skipped
Motor.c(271): error C16: unprintable character 0xC2 skipped
Motor.c(271): error C16: unprintable character 0xA0 skipped
Motor.c(271): error C16: unprintable character 0xC2 skipped
Motor.c(271): error C16: unprintable character 0xA0 skipped
Motor.c(271): error C25: syntax error near '.'
Motor.c(271): error C67: 'R_except': undefined identifier
Motor.c(271): error C67: 'PWM_decrease': undefined identifier
Motor.c(271): error C67: 'turn': undefined identifier
Motor.c(271): error C67: 'PI': undefined identifier
Motor.c(272): error C16: unprintable character 0xC2 skipped
Motor.c(272): error C16: unprintable character 0xA0 skipped
Motor.c(272): error C16: unprintable character 0xC2 skipped
Motor.c(272): error C16: unprintable character 0xA0 skipped
Motor.c(272): error C16: unprintable character 0xC2 skipped
Motor.c(272): error C16: unprintable character 0xA0 skipped
Motor.c(272): error C16: unprintable character 0xC2 skipped
Motor.c(272): error C16: unprintable character 0xA0 skipped
Motor.c(272): error C16: unprintable character 0xC2 skipped
Motor.c(272): error C16: unprintable character 0xA0 skipped
Motor.c(272): error C16: unprintable character 0xC2 skipped
Motor.c(272): error C16: unprintable character 0xA0 skipped
Motor.c(272): error C16: unprintable character 0xC2 skipped
Motor.c(272): error C16: unprintable character 0xA0 skipped
Motor.c(272): error C16: unprintable character 0xC2 skipped
Motor.c(272): error C16: unprintable character 0xA0 skipped
Motor.c(272): error C16: unprintable character 0xC2 skipped
C251 FATAL-ERROR -
  ACTION:  PARSING SOURCE-FILE
  ERROR:    (LINE 272), MORE THAN 400 ERRORS IN SOURCE-FILE
C251 TERMINATED.
Target not created.
Build Time Elapsed:  00:00:10
</pre>
</body>
</html>
